2024-01-15T07:09:07.667Z info: Request received
2024-01-15T07:14:28.087Z info: Received a POST request for /auth/signin
2024-01-15T07:14:53.201Z info: Received a POST request for /
2024-01-15T07:15:01.493Z info: Request received
2024-01-15T07:15:29.055Z info: Received a GET request for /
2024-01-15T08:34:59.224Z info: Received a POST request for /auth/signin
2024-01-15T08:35:42.646Z info: Received a POST request for /auth/signin
2024-01-15T08:36:30.718Z info: Received a POST request for /auth/signin
2024-01-15T08:43:20.052Z info: Received a POST request for /auth/signin
2024-01-15T08:43:22.147Z info: Received a POST request for /auth/signin
2024-01-15T08:44:07.330Z info: Received a POST request for /auth/signin
2024-01-15T08:44:36.643Z info: Received a POST request for /auth/signin
2024-01-15T08:44:45.187Z info: Received a POST request for /auth/signin
2024-01-15T08:44:57.270Z info: Received a POST request for /auth/signin
2024-01-15T08:45:28.700Z info: Received a POST request for /auth/signin
2024-01-15T08:45:59.738Z info: Received a POST request for /auth/signin
2024-01-15T08:46:41.103Z info: Received a POST request for /auth/signin
2024-01-15T08:46:50.053Z info: Received a POST request for /auth/signin
2024-01-15T08:48:54.258Z info: Received a POST request for /auth/signin
2024-01-15T08:53:01.599Z info: Received a POST request for /auth/signin
2024-01-15T08:53:25.464Z info: Received a POST request for /auth/signin
2024-01-15T08:53:59.059Z info: Received a POST request for /auth/signin
2024-01-15T08:55:05.183Z info: Received a POST request for /auth/signin
2024-01-15T08:56:17.269Z info: Received a POST request for /auth/signin
2024-01-15T08:58:42.758Z info: Received a POST request for /auth/signin
2024-01-15T08:59:07.446Z info: Received a POST request for /auth/signin
2024-01-15T08:59:08.607Z info: Received a POST request for /auth/signin
2024-01-15T08:59:50.389Z info: Received a POST request for /auth/signin
2024-01-15T08:59:58.522Z info: Received a POST request for /auth/signin
2024-01-15T09:00:05.616Z info: Received a POST request for /auth/signin
2024-01-15T09:00:06.905Z info: Received a POST request for /auth/signin
2024-01-15T09:00:07.591Z info: Received a POST request for /auth/signin
2024-01-15T09:00:09.344Z info: Received a POST request for /auth/signin
2024-01-15T09:00:22.414Z info: Received a POST request for /auth/signin
2024-01-15T09:00:42.165Z info: Received a POST request for /auth/signin
2024-01-15T09:01:20.286Z info: Received a POST request for /auth/signin
2024-01-15T09:01:22.031Z info: Received a POST request for /auth/signin
2024-01-15T09:01:31.323Z info: Received a POST request for /auth/signin
2024-01-15T09:01:32.618Z info: Received a POST request for /auth/signin
2024-01-15T09:02:37.226Z info: Received a POST request for /auth/signin
2024-01-15T09:03:46.054Z info: Received a POST request for /auth/signin
2024-01-15T09:04:15.721Z info: Received a POST request for /auth/signin
2024-01-15T09:04:16.182Z info: Received a POST request for /auth/signin
2024-01-15T09:04:16.398Z info: Received a POST request for /auth/signin
2024-01-15T09:04:16.574Z info: Received a POST request for /auth/signin
2024-01-15T09:05:46.792Z info: Received a POST request for /auth/signin
2024-01-15T09:06:02.769Z info: Received a POST request for /auth/signin
2024-01-15T09:13:03.838Z info: Received a POST request for /auth/signin
2024-01-15T09:13:32.434Z info: Received a POST request for /auth/signin
2024-01-15T09:16:35.212Z info: Received a POST request for /auth/signin
2024-01-15T09:17:04.695Z info: Received a POST request for /signin
2024-01-15T09:17:13.481Z info: Received a POST request for /auth/signin
2024-01-15T09:17:39.857Z info: Received a POST request for /auth/signin
2024-01-15T09:17:49.481Z info: Received a POST request for /auth/signin
2024-01-15T09:17:49.675Z info: Received a POST request for /auth/signin
2024-01-15T09:17:52.349Z info: Received a POST request for /auth/signin
2024-01-15T09:17:55.002Z info: Received a POST request for /auth/signin
2024-01-15T09:18:21.305Z info: Received a POST request for /auth/signin
2024-01-15T09:18:46.635Z info: Received a POST request for /auth/signin
2024-01-15T09:19:31.456Z info: Received a POST request for /auth/signin
2024-01-15T09:23:24.086Z info: Received a POST request for /auth/signin
2024-01-15T09:23:53.341Z info: Received a POST request for /auth/signin
2024-01-15T09:24:12.765Z info: Received a POST request for /auth/signin
2024-01-15T09:24:24.452Z info: Received a POST request for /auth/signin
2024-01-15T09:55:32.239Z info: Received a POST request for /auth/signin
2024-01-15T09:55:34.165Z info: Received a POST request for /auth/signin
2024-01-15T09:55:34.296Z info: Received a POST request for /auth/signin
2024-01-15T09:55:34.579Z info: Received a POST request for /auth/signin
2024-01-15T09:55:34.769Z info: Received a POST request for /auth/signin
2024-01-15T09:55:34.966Z info: Received a POST request for /auth/signin
2024-01-15T09:55:35.497Z info: Received a POST request for /auth/signin
2024-01-15T09:55:35.841Z info: Received a POST request for /auth/signin
2024-01-15T09:55:36.103Z info: Received a POST request for /auth/signin
2024-01-15T09:55:36.164Z info: Received a POST request for /auth/signin
2024-01-15T09:57:23.395Z info: Received a POST request for /auth/signin
2024-01-15T09:57:49.363Z info: Received a POST request for /auth/signin
2024-01-15T09:58:04.598Z info: Received a POST request for /auth/signin
2024-01-15T09:58:12.411Z info: Received a POST request for /auth/signin
2024-01-15T09:58:21.014Z info: Received a POST request for /auth/signin
2024-01-15T09:58:21.148Z info: Received a POST request for /auth/signin
2024-01-15T09:58:21.388Z info: Received a POST request for /auth/signin
2024-01-15T09:58:21.586Z info: Received a POST request for /auth/signin
2024-01-15T09:58:46.117Z info: Received a POST request for /auth/signin
2024-01-15T09:58:48.183Z info: Received a GET request for /auth/signin
2024-01-15T09:59:31.493Z info: Received a POST request for /auth/signin
2024-01-15T10:00:26.603Z info: Received a POST request for /auth/signin
2024-01-15T10:00:45.441Z info: Received a POST request for /auth/signin
2024-01-15T10:01:51.988Z info: Received a POST request for /auth/signin
2024-01-15T10:01:57.572Z info: Received a POST request for /auth/signin
2024-01-15T10:02:26.715Z info: Received a POST request for /auth/signin
2024-01-15T10:30:30.733Z info: Received a POST request for /auth/signin
2024-01-15T10:31:03.061Z info: Received a POST request for /auth/signin
2024-01-15T10:31:16.618Z info: Received a POST request for /auth/signin
2024-01-15T10:31:21.513Z info: Received a POST request for /auth/signin
2024-01-15T10:31:53.906Z info: Received a POST request for /auth/signin
2024-01-15T10:32:00.632Z info: Received a POST request for /auth/signin
2024-01-15T10:32:47.904Z info: Received a POST request for /auth/signin
2024-01-15T10:32:57.798Z info: Received a POST request for /auth/signin
2024-01-18T15:54:29.353Z info: Received a GET request for /api/users
2024-01-18T15:54:46.765Z info: Received a GET request for /api/users
2024-01-18T15:55:56.441Z info: Received a GET request for /api/users
2024-01-18T15:56:10.900Z info: Received a GET request for /api/users
2024-01-18T15:56:31.169Z info: Received a GET request for /api/teams
2024-01-18T15:56:41.856Z info: Received a GET request for /api/projects
2024-01-18T15:57:49.289Z info: Received a GET request for /api/projects
2024-01-18T15:58:08.811Z info: Received a GET request for /api/projects
2024-01-18T16:00:08.720Z info: Received a GET request for /api/projects
2024-01-18T16:00:51.358Z info: Received a GET request for /api/projects
2024-01-18T16:01:31.538Z info: Received a GET request for /api/projects
2024-01-18T16:01:53.544Z info: Received a GET request for /api/projects
2024-01-18T16:03:05.591Z info: Received a POST request for /api/projects
2024-01-18T16:03:53.947Z info: Received a POST request for /api/projects
2024-01-18T16:04:03.243Z info: Received a GET request for /api/projects
2024-01-18T16:04:40.522Z info: Received a POST request for /auth/signin
2024-01-18T16:04:57.625Z info: Received a POST request for /api/projects
2024-01-18T16:05:08.212Z info: Received a GET request for /api/projects
2024-01-18T16:05:25.245Z info: Received a GET request for /api/users
2024-01-18T16:05:41.208Z info: Received a GET request for /api/projects
2024-01-18T16:06:05.691Z info: Received a GET request for /api/projects
2024-01-19T06:08:55.997Z info: Received a GET request for /api/projects
2024-01-19T06:09:17.472Z info: Received a POST request for /auth/signin
2024-01-19T06:09:28.923Z info: Received a POST request for /api/projects
2024-01-19T06:09:35.019Z info: Received a GET request for /api/projects
2024-01-19T06:09:49.303Z info: Received a GET request for /api/projects
2024-01-19T06:11:59.955Z info: Received a GET request for /api/projects
2024-01-19T06:14:48.767Z info: Received a POST request for /auth/signin
2024-01-19T06:15:02.339Z info: Received a POST request for /api/users
2024-01-19T06:15:08.757Z info: Received a GET request for /api/users
2024-01-19T06:15:21.543Z info: Received a GET request for /api/sprints
2024-01-19T06:15:29.902Z info: Received a GET request for /api/projects
2024-01-19T06:36:15.770Z info: Received a GET request for /api/projects
2024-01-19T06:36:41.509Z info: Received a GET request for /api/projects
2024-01-19T06:36:57.797Z info: Received a GET request for /api/projects
2024-01-19T06:37:57.220Z info: Received a GET request for /api/projects
2024-01-19T06:38:41.253Z info: Received a POST request for /auth/signin
2024-01-19T06:39:41.609Z info: Received a GET request for /api/projects
2024-01-19T06:39:54.211Z info: Received a GET request for /api/projects
2024-01-19T06:40:29.333Z info: Received a GET request for /api/projects
2024-01-19T06:42:58.425Z info: Received a GET request for /api/projects
2024-01-19T06:43:24.586Z info: Received a GET request for /api/projects
2024-01-19T06:44:00.598Z info: Received a GET request for /api/projects
2024-01-19T06:44:15.455Z info: Received a GET request for /api/projects
2024-01-19T06:44:33.502Z info: Received a GET request for /api/projects
2024-01-19T06:44:40.944Z info: Received a GET request for /api/projects
2024-01-19T06:49:14.195Z info: Received a GET request for /api/projects
2024-01-19T06:52:57.571Z info: Received a POST request for /auth/signin
2024-01-19T06:53:53.260Z info: Received a GET request for /api/projects
2024-01-19T06:54:44.529Z info: Received a GET request for /api/projects
2024-01-19T06:55:20.161Z info: Received a GET request for /api/projects
2024-01-19T06:55:37.074Z info: Received a GET request for /api/projects
2024-01-19T06:56:19.357Z info: Received a GET request for /api/projects
2024-01-19T06:56:50.223Z info: Received a GET request for /api/projects
2024-01-19T06:57:48.590Z info: Received a GET request for /api/projects
2024-01-19T06:57:58.036Z info: Received a GET request for /api/projects
2024-01-19T06:58:28.675Z info: Received a GET request for /api/projects
2024-01-19T06:59:01.715Z info: Received a GET request for /api/projects
2024-01-19T07:00:00.293Z info: Received a GET request for /api/projects
2024-01-19T07:00:19.132Z info: Received a GET request for /api/projects
2024-01-19T07:00:37.685Z info: Received a GET request for /api/projects
2024-01-19T07:01:02.251Z info: Received a GET request for /api/projects
2024-01-19T07:01:11.711Z info: Received a GET request for /api/projects
2024-01-19T07:01:58.277Z info: Received a GET request for /api/projects
2024-01-19T07:15:43.841Z info: Received a GET request for /auth/signin
2024-01-19T07:15:52.573Z info: Received a POST request for /auth/signin
2024-01-19T07:16:24.651Z info: Received a POST request for /auth/signin
2024-01-19T07:17:00.066Z info: Received a POST request for /auth/signin
2024-01-19T07:17:44.099Z info: Received a POST request for /auth/signin
2024-01-19T07:18:25.327Z info: Received a POST request for /auth/signin
2024-01-19T07:18:40.401Z info: Received a POST request for /auth/signin
2024-01-19T07:20:56.347Z info: Received a POST request for /auth/signin
2024-01-19T07:21:28.254Z info: Received a POST request for /auth/signin
2024-01-19T07:22:07.609Z info: Received a POST request for /auth/refresh
2024-01-19T07:22:42.909Z info: Received a POST request for /auth/refresh
2024-01-19T07:24:41.045Z info: Received a POST request for /auth/refresh
2024-01-19T07:24:50.668Z info: Received a POST request for /refresh
2024-01-19T07:24:56.472Z info: Received a POST request for /auth/refresh
2024-01-19T07:25:40.766Z info: Received a POST request for /auth/refresh
2024-01-19T07:26:31.793Z info: Received a POST request for /auth/refresh
2024-01-19T07:27:10.419Z info: Received a POST request for /auth/refresh
2024-01-19T07:27:54.143Z info: Received a POST request for /auth/refresh
2024-01-19T07:44:56.632Z info: Received a POST request for /auth/refresh
2024-01-19T07:45:33.220Z info: Received a POST request for /auth/refresh
2024-01-19T07:45:35.658Z info: Received a POST request for /auth/refresh
2024-01-19T07:46:12.794Z info: Received a POST request for /auth/refresh
2024-01-19T07:46:19.720Z info: Received a POST request for /auth/refresh
2024-01-19T07:46:37.286Z info: Received a POST request for /auth/refresh
2024-01-19T07:47:14.969Z info: Received a POST request for /auth/refresh
2024-01-19T07:47:16.685Z info: Received a POST request for /auth/refresh
2024-01-19T07:47:52.392Z info: Received a POST request for /auth/refresh
2024-01-19T07:48:22.638Z info: Received a POST request for /auth/refresh
2024-01-19T07:48:50.471Z info: Received a POST request for /auth/refresh
2024-01-19T07:49:23.215Z info: Received a POST request for /auth/refresh
2024-01-19T07:49:34.912Z info: Received a POST request for /auth/refresh
2024-01-19T07:50:30.621Z info: Received a POST request for /auth/sign
2024-01-19T07:50:38.216Z info: Received a POST request for /auth/sign
2024-01-19T07:50:44.263Z info: Received a POST request for /auth/signin
2024-01-19T07:51:01.954Z info: Received a POST request for /auth/refresh
2024-01-19T07:51:27.207Z info: Received a POST request for /auth/refresh
2024-01-19T07:51:52.443Z info: Received a POST request for /auth/refresh
2024-01-19T07:55:47.497Z info: Received a POST request for /auth/refresh
2024-01-19T07:56:34.229Z info: Received a POST request for /auth/refresh
2024-01-19T08:00:51.287Z info: Received a POST request for /auth/refresh
2024-01-19T08:02:18.292Z info: Received a POST request for /auth/refresh
2024-01-19T08:03:01.107Z info: Received a POST request for /auth/signin
2024-01-19T08:03:11.176Z info: Received a POST request for /auth/refresh
2024-01-19T08:04:25.377Z info: Received a POST request for /auth/refresh
2024-01-19T08:06:31.385Z info: Received a POST request for /auth/refresh
2024-01-19T08:06:55.442Z info: Received a POST request for /auth/refresh
2024-01-19T08:09:36.495Z info: Received a POST request for /auth/refresh
2024-01-19T08:09:48.533Z info: Received a POST request for /auth/refresh
2024-01-19T08:14:03.405Z info: Received a POST request for /auth/refresh
2024-01-19T08:15:41.375Z info: Received a POST request for /auth/refresh
2024-01-19T08:17:36.552Z info: Received a GET request for /
2024-01-19T08:18:00.073Z info: Received a GET request for /
2024-01-19T08:18:43.755Z info: Received a GET request for /
2024-01-19T08:19:21.345Z info: Received a POST request for /auth/signin
2024-01-19T08:19:56.383Z info: Received a POST request for /auth/signin
2024-01-19T08:20:04.919Z info: Received a POST request for /
2024-01-19T08:20:10.422Z info: Received a GET request for /
2024-01-19T08:20:24.948Z info: Received a GET request for /
2024-01-19T08:22:53.915Z info: Received a GET request for /api/teams
2024-01-19T08:23:08.000Z info: Received a GET request for /api/teams
2024-01-19T08:25:07.579Z info: Received a GET request for /api/teams
2024-01-19T08:35:24.564Z info: Received a POST request for /auth/refresh
2024-01-19T08:38:14.609Z info: Received a POST request for /auth/refresh
2024-01-19T08:38:55.207Z info: Received a POST request for /auth/refresh
2024-01-19T08:39:01.436Z info: Received a POST request for /auth/refresh
2024-01-19T08:40:12.687Z info: Received a POST request for /auth/refresh
2024-01-19T08:40:21.820Z info: Received a POST request for /auth/refresh
2024-01-19T08:41:00.372Z info: Received a POST request for /auth/refresh
2024-01-19T08:42:24.625Z info: Received a POST request for /auth/signin
2024-01-19T08:43:02.202Z info: Received a POST request for /api/projects
2024-01-19T08:43:24.801Z info: Received a POST request for /auth/signin
2024-01-19T08:43:35.416Z info: Received a POST request for /api/teams
2024-01-19T08:44:23.766Z info: Received a POST request for /
2024-01-19T08:44:37.506Z info: Received a POST request for /auth/signin
2024-01-19T08:45:00.248Z info: Received a GET request for /api/teams
2024-01-19T08:46:30.764Z info: Received a POST request for /auth/signin
2024-01-19T08:46:45.531Z info: Received a GET request for /api/users
2024-01-19T08:46:58.480Z info: Received a GET request for /api/users
2024-01-19T08:47:31.700Z info: Received a GET request for /api/users
2024-01-19T08:47:49.884Z info: Received a POST request for /auth/refresh
2024-01-19T08:47:58.428Z info: Received a GET request for /api/users
2024-01-19T08:48:13.769Z info: Received a GET request for /api/users
2024-01-19T08:48:38.229Z info: Received a POST request for /auth/refresh
2024-01-19T08:49:53.415Z info: Received a POST request for /auth/signin
2024-01-19T09:08:21.597Z info: Received a POST request for /auth/signin
2024-01-19T09:10:06.075Z info: Received a POST request for /auth/signin
2024-01-19T09:12:33.311Z info: Received a POST request for /auth/signin
2024-01-19T09:41:42.408Z info: Received a POST request for /auth/signin
2024-01-19T09:42:17.428Z info: Received a POST request for /auth/signin
2024-01-19T09:45:27.269Z info: Received a POST request for /auth/signin
2024-01-19T09:48:11.559Z info: Received a POST request for /auth/signin
2024-01-19T09:49:06.670Z info: Received a POST request for /auth/signin
2024-01-19T09:53:10.326Z info: Received a POST request for /auth/signin
2024-01-19T09:53:14.701Z info: Received a GET request for /auth/signin
2024-01-19T10:05:58.963Z info: Received a POST request for /auth/signin
2024-01-19T10:06:00.974Z info: Received a POST request for /auth/signin
2024-01-19T10:07:10.474Z info: Received a POST request for /auth/signin
2024-01-19T10:14:04.069Z info: Received a POST request for /auth/signin
2024-01-19T10:19:20.042Z info: Received a POST request for /auth/signin
2024-01-19T10:20:40.659Z info: Received a POST request for /auth/signin
2024-01-19T10:27:44.287Z info: Received a POST request for /auth/signin
2024-01-19T10:28:15.757Z info: Received a POST request for /auth/signin
2024-01-19T10:30:29.025Z info: Received a POST request for /auth/signin
2024-01-19T10:36:29.914Z info: Received a POST request for /auth/signin
2024-01-19T10:40:20.360Z info: Received a POST request for /auth/signin
2024-01-19T10:53:46.546Z info: Received a POST request for /auth/signin
2024-01-19T10:53:49.153Z info: Received a POST request for /auth/signin
2024-01-19T10:53:49.763Z info: Received a POST request for /auth/signin
2024-01-19T10:53:49.999Z info: Received a POST request for /auth/signin
2024-01-19T10:53:50.230Z info: Received a POST request for /auth/signin
2024-01-19T10:53:51.404Z info: Received a POST request for /auth/signin
2024-01-19T10:53:51.695Z info: Received a POST request for /auth/signin
2024-01-19T10:53:51.847Z info: Received a POST request for /auth/signin
2024-01-19T10:53:52.052Z info: Received a POST request for /auth/signin
2024-01-19T11:22:28.109Z info: Received a POST request for /auth/signin
